2015-09-14 10:25:54,888 - Animal_checker - INFO - None
2015-09-14 10:26:54,047 - Animal_checker - INFO - 
[==============0(player1)==============]

   | 1 | 2 | 3 | 4 | 5 | 6 | 7 |
a->|   | m |   |den|   | e |   |
b->|   |   | t |   | w |   |   |
c->|   |   |   |   |   |   |   |
d->|   |   |   |   |   |   |   |
e->|   |   |   |   |   |   |   |
f->|   |   |   |   |   |   |   |
g->|   |   |   |   |   |   |   |
h->|   |   | W |   | T |   |   |
i->|   | E |   |DEN|   | M |   |

[======================================]

2015-09-14 10:27:42,528 - Animal_checker - INFO - 
[==============0(player1)==============]

   | 1 | 2 | 3 | 4 | 5 | 6 | 7 |
a->|   | m |   |den|   | e |   |
b->|   |   | t |   | w |   |   |
c->|   |   |   |   |   |   |   |
d->|   |   |   |   |   |   |   |
e->|   |   |   |   |   |   |   |
f->|   |   |   |   |   |   |   |
g->|   |   |   |   |   |   |   |
h->|   |   | W |   | T |   |   |
i->|   | E |   |DEN|   | M |   |

[======================================]

2015-09-14 10:27:42,530 - Animal_checker - WARNING - Waiting on player1 to play ...
2015-09-14 10:28:08,310 - Animal_checker - INFO - 
[==============0(player1)==============]

   | 1 | 2 | 3 | 4 | 5 | 6 | 7 |
a->|   | m |   |den|   | e |   |
b->|   |   | t |   | w |   |   |
c->|   |   |   |   |   |   |   |
d->|   |   |   |   |   |   |   |
e->|   |   |   |   |   |   |   |
f->|   |   |   |   |   |   |   |
g->|   |   |   |   |   |   |   |
h->|   |   | W |   | T |   |   |
i->|   | E |   |DEN|   | M |   |

[======================================]

2015-09-14 10:28:08,310 - Animal_checker - INFO - 
[==============1(player2)==============]

   | 1 | 2 | 3 | 4 | 5 | 6 | 7 |
a->|   | m |   |den|   | e |   |
b->|   |   | t |   | w |   |   |
c->|   |   |   |   |   |   |   |
d->|   |   |   |   |   |   |   |
e->|   |   |   |   |   |   |   |
f->|   |   |   |   |   |   |   |
g->|   |   |   |   |   |   |   |
h->|   |   | W |   | T | M |   |
i->|   | E |   |DEN|   |   |   |

[======================================]

2015-09-14 10:28:08,311 - Animal_checker - INFO - 
[==============2(player1)==============]

   | 1 | 2 | 3 | 4 | 5 | 6 | 7 |
a->|   |   |   |den|   | e |   |
b->|   | m | t |   | w |   |   |
c->|   |   |   |   |   |   |   |
d->|   |   |   |   |   |   |   |
e->|   |   |   |   |   |   |   |
f->|   |   |   |   |   |   |   |
g->|   |   |   |   |   |   |   |
h->|   |   | W |   | T | M |   |
i->|   | E |   |DEN|   |   |   |

[======================================]

2015-09-14 10:28:08,311 - Animal_checker - INFO - 
[==============3(player2)==============]

   | 1 | 2 | 3 | 4 | 5 | 6 | 7 |
a->|   |   |   |den|   | e |   |
b->|   | m | t |   | w |   |   |
c->|   |   |   |   |   |   |   |
d->|   |   |   |   |   |   |   |
e->|   |   |   |   |   |   |   |
f->|   |   |   |   |   |   |   |
g->|   |   |   |   |   | M |   |
h->|   |   | W |   | T |   |   |
i->|   | E |   |DEN|   |   |   |

[======================================]

2015-09-14 10:28:08,311 - Animal_checker - INFO - 
[==============4(player1)==============]

   | 1 | 2 | 3 | 4 | 5 | 6 | 7 |
a->|   |   |   |den|   | e |   |
b->|   |   | t |   | w |   |   |
c->|   | m |   |   |   |   |   |
d->|   |   |   |   |   |   |   |
e->|   |   |   |   |   |   |   |
f->|   |   |   |   |   |   |   |
g->|   |   |   |   |   | M |   |
h->|   |   | W |   | T |   |   |
i->|   | E |   |DEN|   |   |   |

[======================================]

2015-09-14 10:28:08,311 - Animal_checker - INFO - 
[==============5(player2)==============]

   | 1 | 2 | 3 | 4 | 5 | 6 | 7 |
a->|   |   |   |den|   | e |   |
b->|   |   | t |   | w |   |   |
c->|   | m |   |   |   |   |   |
d->|   |   |   |   |   |   |   |
e->|   |   |   |   |   |   |   |
f->|   |   |   |   |   | M |   |
g->|   |   |   |   |   |   |   |
h->|   |   | W |   | T |   |   |
i->|   | E |   |DEN|   |   |   |

[======================================]

2015-09-14 10:28:08,311 - Animal_checker - INFO - 
[==============6(player1)==============]

   | 1 | 2 | 3 | 4 | 5 | 6 | 7 |
a->|   |   |   |den|   | e |   |
b->|   |   | t |   | w |   |   |
c->|   |   |   |   |   |   |   |
d->|   | m |   |   |   |   |   |
e->|   |   |   |   |   |   |   |
f->|   |   |   |   |   | M |   |
g->|   |   |   |   |   |   |   |
h->|   |   | W |   | T |   |   |
i->|   | E |   |DEN|   |   |   |

[======================================]

2015-09-14 10:28:08,311 - Animal_checker - INFO - 
[==============7(player2)==============]

   | 1 | 2 | 3 | 4 | 5 | 6 | 7 |
a->|   |   |   |den|   | e |   |
b->|   |   | t |   | w |   |   |
c->|   |   |   |   |   |   |   |
d->|   | m |   |   |   |   |   |
e->|   |   |   |   |   | M |   |
f->|   |   |   |   |   |   |   |
g->|   |   |   |   |   |   |   |
h->|   |   | W |   | T |   |   |
i->|   | E |   |DEN|   |   |   |

[======================================]

2015-09-14 10:28:08,311 - Animal_checker - INFO - 
[==============8(player1)==============]

   | 1 | 2 | 3 | 4 | 5 | 6 | 7 |
a->|   |   |   |den|   | e |   |
b->|   |   | t |   | w |   |   |
c->|   |   |   |   |   |   |   |
d->|   |   |   |   |   |   |   |
e->|   | m |   |   |   | M |   |
f->|   |   |   |   |   |   |   |
g->|   |   |   |   |   |   |   |
h->|   |   | W |   | T |   |   |
i->|   | E |   |DEN|   |   |   |

[======================================]

2015-09-14 10:28:08,311 - Animal_checker - INFO - 
[==============9(player2)==============]

   | 1 | 2 | 3 | 4 | 5 | 6 | 7 |
a->|   |   |   |den|   | e |   |
b->|   |   | t |   | w |   |   |
c->|   |   |   |   |   |   |   |
d->|   |   |   |   |   | M |   |
e->|   | m |   |   |   |   |   |
f->|   |   |   |   |   |   |   |
g->|   |   |   |   |   |   |   |
h->|   |   | W |   | T |   |   |
i->|   | E |   |DEN|   |   |   |

[======================================]

2015-09-14 10:28:08,311 - Animal_checker - INFO - 
[==============10(player1)==============]

   | 1 | 2 | 3 | 4 | 5 | 6 | 7 |
a->|   |   |   |den|   | e |   |
b->|   |   | t |   | w |   |   |
c->|   |   |   |   |   |   |   |
d->|   |   |   |   |   | M |   |
e->|   |   |   |   |   |   |   |
f->|   | m |   |   |   |   |   |
g->|   |   |   |   |   |   |   |
h->|   |   | W |   | T |   |   |
i->|   | E |   |DEN|   |   |   |

[======================================]

2015-09-14 10:28:08,311 - Animal_checker - INFO - 
[==============11(player2)==============]

   | 1 | 2 | 3 | 4 | 5 | 6 | 7 |
a->|   |   |   |den|   | e |   |
b->|   |   | t |   | w |   |   |
c->|   |   |   |   |   | M |   |
d->|   |   |   |   |   |   |   |
e->|   |   |   |   |   |   |   |
f->|   | m |   |   |   |   |   |
g->|   |   |   |   |   |   |   |
h->|   |   | W |   | T |   |   |
i->|   | E |   |DEN|   |   |   |

[======================================]

2015-09-14 10:28:08,312 - Animal_checker - INFO - 
[==============12(player1)==============]

   | 1 | 2 | 3 | 4 | 5 | 6 | 7 |
a->|   |   |   |den|   | e |   |
b->|   |   | t |   | w |   |   |
c->|   |   |   |   |   | M |   |
d->|   |   |   |   |   |   |   |
e->|   |   |   |   |   |   |   |
f->|   |   |   |   |   |   |   |
g->|   | m |   |   |   |   |   |
h->|   |   | W |   | T |   |   |
i->|   | E |   |DEN|   |   |   |

[======================================]

2015-09-14 10:28:08,312 - Animal_checker - INFO - 
[==============13(player2)==============]

   | 1 | 2 | 3 | 4 | 5 | 6 | 7 |
a->|   |   |   |den|   | e |   |
b->|   |   | t |   | w | M |   |
c->|   |   |   |   |   |   |   |
d->|   |   |   |   |   |   |   |
e->|   |   |   |   |   |   |   |
f->|   |   |   |   |   |   |   |
g->|   | m |   |   |   |   |   |
h->|   |   | W |   | T |   |   |
i->|   | E |   |DEN|   |   |   |

[======================================]

2015-09-14 10:28:08,312 - Animal_checker - INFO - 
[==============14(player1)==============]

   | 1 | 2 | 3 | 4 | 5 | 6 | 7 |
a->|   |   |   |den|   | e |   |
b->|   |   | t |   | w | M |   |
c->|   |   |   |   |   |   |   |
d->|   |   |   |   |   |   |   |
e->|   |   |   |   |   |   |   |
f->|   |   |   |   |   |   |   |
g->|   |   |   |   |   |   |   |
h->|   | m | W |   | T |   |   |
i->|   | E |   |DEN|   |   |   |

[======================================]

2015-09-14 10:28:08,312 - Animal_checker - INFO - 
[==============15(player2)==============]

   | 1 | 2 | 3 | 4 | 5 | 6 | 7 |
a->|   |   |   |den|   | M |   |
b->|   |   | t |   | w |   |   |
c->|   |   |   |   |   |   |   |
d->|   |   |   |   |   |   |   |
e->|   |   |   |   |   |   |   |
f->|   |   |   |   |   |   |   |
g->|   |   |   |   |   |   |   |
h->|   | m | W |   | T |   |   |
i->|   | E |   |DEN|   |   |   |

[======================================]

2015-09-14 10:28:08,312 - Animal_checker - INFO - 
[==============16(player1)==============]

   | 1 | 2 | 3 | 4 | 5 | 6 | 7 |
a->|   |   |   |den|   | M |   |
b->|   |   | t |   | w |   |   |
c->|   |   |   |   |   |   |   |
d->|   |   |   |   |   |   |   |
e->|   |   |   |   |   |   |   |
f->|   |   |   |   |   |   |   |
g->|   |   |   |   |   |   |   |
h->|   |   | W |   | T |   |   |
i->|   | m |   |DEN|   |   |   |

[======================================]

2015-09-14 10:28:08,312 - Animal_checker - WARNING - Waiting on player1 to play ...
2015-09-14 10:28:08,312 - Animal_checker - INFO - 
[==============16(player1)==============]

   | 1 | 2 | 3 | 4 | 5 | 6 | 7 |
a->|   |   |   |den|   | M |   |
b->|   |   | t |   | w |   |   |
c->|   |   |   |   |   |   |   |
d->|   |   |   |   |   |   |   |
e->|   |   |   |   |   |   |   |
f->|   |   |   |   |   |   |   |
g->|   |   |   |   |   |   |   |
h->|   |   | W |   | T |   |   |
i->|   | m |   |DEN|   |   |   |

[======================================]

2015-09-14 10:28:34,169 - Animal_checker - INFO - 
[==============0(player1)==============]

   | 1 | 2 | 3 | 4 | 5 | 6 | 7 |
a->|   | m |   |den|   | e |   |
b->|   |   | t |   | w |   |   |
c->|   |   |   |   |   |   |   |
d->|   |   |   |   |   |   |   |
e->|   |   |   |   |   |   |   |
f->|   |   |   |   |   |   |   |
g->|   |   |   |   |   |   |   |
h->|   |   | W |   | T |   |   |
i->|   | E |   |DEN|   | M |   |

[======================================]

2015-09-14 10:28:34,169 - Animal_checker - INFO - 
[==============1(player2)==============]

   | 1 | 2 | 3 | 4 | 5 | 6 | 7 |
a->|   | m |   |den|   | e |   |
b->|   |   | t |   | w |   |   |
c->|   |   |   |   |   |   |   |
d->|   |   |   |   |   |   |   |
e->|   |   |   |   |   |   |   |
f->|   |   |   |   |   |   |   |
g->|   |   |   |   |   |   |   |
h->|   |   | W |   | T | M |   |
i->|   | E |   |DEN|   |   |   |

[======================================]

2015-09-14 10:28:34,169 - Animal_checker - INFO - 
[==============2(player1)==============]

   | 1 | 2 | 3 | 4 | 5 | 6 | 7 |
a->|   |   |   |den|   | e |   |
b->|   | m | t |   | w |   |   |
c->|   |   |   |   |   |   |   |
d->|   |   |   |   |   |   |   |
e->|   |   |   |   |   |   |   |
f->|   |   |   |   |   |   |   |
g->|   |   |   |   |   |   |   |
h->|   |   | W |   | T | M |   |
i->|   | E |   |DEN|   |   |   |

[======================================]

2015-09-14 10:28:34,169 - Animal_checker - INFO - 
[==============3(player2)==============]

   | 1 | 2 | 3 | 4 | 5 | 6 | 7 |
a->|   |   |   |den|   | e |   |
b->|   | m | t |   | w |   |   |
c->|   |   |   |   |   |   |   |
d->|   |   |   |   |   |   |   |
e->|   |   |   |   |   |   |   |
f->|   |   |   |   |   |   |   |
g->|   |   |   |   |   | M |   |
h->|   |   | W |   | T |   |   |
i->|   | E |   |DEN|   |   |   |

[======================================]

2015-09-14 10:28:34,169 - Animal_checker - INFO - 
[==============4(player1)==============]

   | 1 | 2 | 3 | 4 | 5 | 6 | 7 |
a->|   |   |   |den|   | e |   |
b->|   |   | t |   | w |   |   |
c->|   | m |   |   |   |   |   |
d->|   |   |   |   |   |   |   |
e->|   |   |   |   |   |   |   |
f->|   |   |   |   |   |   |   |
g->|   |   |   |   |   | M |   |
h->|   |   | W |   | T |   |   |
i->|   | E |   |DEN|   |   |   |

[======================================]

2015-09-14 10:28:34,169 - Animal_checker - INFO - 
[==============5(player2)==============]

   | 1 | 2 | 3 | 4 | 5 | 6 | 7 |
a->|   |   |   |den|   | e |   |
b->|   |   | t |   | w |   |   |
c->|   | m |   |   |   |   |   |
d->|   |   |   |   |   |   |   |
e->|   |   |   |   |   |   |   |
f->|   |   |   |   |   | M |   |
g->|   |   |   |   |   |   |   |
h->|   |   | W |   | T |   |   |
i->|   | E |   |DEN|   |   |   |

[======================================]

2015-09-14 10:28:34,169 - Animal_checker - INFO - 
[==============6(player1)==============]

   | 1 | 2 | 3 | 4 | 5 | 6 | 7 |
a->|   |   |   |den|   | e |   |
b->|   |   | t |   | w |   |   |
c->|   |   |   |   |   |   |   |
d->|   | m |   |   |   |   |   |
e->|   |   |   |   |   |   |   |
f->|   |   |   |   |   | M |   |
g->|   |   |   |   |   |   |   |
h->|   |   | W |   | T |   |   |
i->|   | E |   |DEN|   |   |   |

[======================================]

2015-09-14 10:28:34,169 - Animal_checker - INFO - 
[==============7(player2)==============]

   | 1 | 2 | 3 | 4 | 5 | 6 | 7 |
a->|   |   |   |den|   | e |   |
b->|   |   | t |   | w |   |   |
c->|   |   |   |   |   |   |   |
d->|   | m |   |   |   |   |   |
e->|   |   |   |   |   | M |   |
f->|   |   |   |   |   |   |   |
g->|   |   |   |   |   |   |   |
h->|   |   | W |   | T |   |   |
i->|   | E |   |DEN|   |   |   |

[======================================]

2015-09-14 10:28:34,170 - Animal_checker - INFO - 
[==============8(player1)==============]

   | 1 | 2 | 3 | 4 | 5 | 6 | 7 |
a->|   |   |   |den|   | e |   |
b->|   |   | t |   | w |   |   |
c->|   |   |   |   |   |   |   |
d->|   |   |   |   |   |   |   |
e->|   | m |   |   |   | M |   |
f->|   |   |   |   |   |   |   |
g->|   |   |   |   |   |   |   |
h->|   |   | W |   | T |   |   |
i->|   | E |   |DEN|   |   |   |

[======================================]

2015-09-14 10:28:34,170 - Animal_checker - INFO - 
[==============9(player2)==============]

   | 1 | 2 | 3 | 4 | 5 | 6 | 7 |
a->|   |   |   |den|   | e |   |
b->|   |   | t |   | w |   |   |
c->|   |   |   |   |   |   |   |
d->|   |   |   |   |   | M |   |
e->|   | m |   |   |   |   |   |
f->|   |   |   |   |   |   |   |
g->|   |   |   |   |   |   |   |
h->|   |   | W |   | T |   |   |
i->|   | E |   |DEN|   |   |   |

[======================================]

2015-09-14 10:28:34,170 - Animal_checker - INFO - 
[==============10(player1)==============]

   | 1 | 2 | 3 | 4 | 5 | 6 | 7 |
a->|   |   |   |den|   | e |   |
b->|   |   | t |   | w |   |   |
c->|   |   |   |   |   |   |   |
d->|   |   |   |   |   | M |   |
e->|   |   |   |   |   |   |   |
f->|   | m |   |   |   |   |   |
g->|   |   |   |   |   |   |   |
h->|   |   | W |   | T |   |   |
i->|   | E |   |DEN|   |   |   |

[======================================]

2015-09-14 10:28:34,170 - Animal_checker - INFO - 
[==============11(player2)==============]

   | 1 | 2 | 3 | 4 | 5 | 6 | 7 |
a->|   |   |   |den|   | e |   |
b->|   |   | t |   | w |   |   |
c->|   |   |   |   |   | M |   |
d->|   |   |   |   |   |   |   |
e->|   |   |   |   |   |   |   |
f->|   | m |   |   |   |   |   |
g->|   |   |   |   |   |   |   |
h->|   |   | W |   | T |   |   |
i->|   | E |   |DEN|   |   |   |

[======================================]

2015-09-14 10:28:34,170 - Animal_checker - INFO - 
[==============12(player1)==============]

   | 1 | 2 | 3 | 4 | 5 | 6 | 7 |
a->|   |   |   |den|   | e |   |
b->|   |   | t |   | w |   |   |
c->|   |   |   |   |   | M |   |
d->|   |   |   |   |   |   |   |
e->|   |   |   |   |   |   |   |
f->|   |   |   |   |   |   |   |
g->|   | m |   |   |   |   |   |
h->|   |   | W |   | T |   |   |
i->|   | E |   |DEN|   |   |   |

[======================================]

2015-09-14 10:28:34,170 - Animal_checker - INFO - 
[==============13(player2)==============]

   | 1 | 2 | 3 | 4 | 5 | 6 | 7 |
a->|   |   |   |den|   | e |   |
b->|   |   | t |   | w | M |   |
c->|   |   |   |   |   |   |   |
d->|   |   |   |   |   |   |   |
e->|   |   |   |   |   |   |   |
f->|   |   |   |   |   |   |   |
g->|   | m |   |   |   |   |   |
h->|   |   | W |   | T |   |   |
i->|   | E |   |DEN|   |   |   |

[======================================]

2015-09-14 10:28:34,170 - Animal_checker - INFO - 
[==============14(player1)==============]

   | 1 | 2 | 3 | 4 | 5 | 6 | 7 |
a->|   |   |   |den|   | e |   |
b->|   |   | t |   | w | M |   |
c->|   |   |   |   |   |   |   |
d->|   |   |   |   |   |   |   |
e->|   |   |   |   |   |   |   |
f->|   |   |   |   |   |   |   |
g->|   |   |   |   |   |   |   |
h->|   | m | W |   | T |   |   |
i->|   | E |   |DEN|   |   |   |

[======================================]

2015-09-14 10:28:34,170 - Animal_checker - INFO - 
[==============15(player2)==============]

   | 1 | 2 | 3 | 4 | 5 | 6 | 7 |
a->|   |   |   |den|   | M |   |
b->|   |   | t |   | w |   |   |
c->|   |   |   |   |   |   |   |
d->|   |   |   |   |   |   |   |
e->|   |   |   |   |   |   |   |
f->|   |   |   |   |   |   |   |
g->|   |   |   |   |   |   |   |
h->|   | m | W |   | T |   |   |
i->|   | E |   |DEN|   |   |   |

[======================================]

2015-09-14 10:28:34,171 - Animal_checker - INFO - 
[==============16(player1)==============]

   | 1 | 2 | 3 | 4 | 5 | 6 | 7 |
a->|   |   |   |den|   | M |   |
b->|   |   | t |   | w |   |   |
c->|   |   |   |   |   |   |   |
d->|   |   |   |   |   |   |   |
e->|   |   |   |   |   |   |   |
f->|   |   |   |   |   |   |   |
g->|   |   |   |   |   |   |   |
h->|   |   | W |   | T |   |   |
i->|   | m |   |DEN|   |   |   |

[======================================]

2015-09-14 10:28:34,171 - Animal_checker - WARNING - Waiting on player1 to play ...
2015-09-14 10:28:34,171 - Animal_checker - INFO - 
[==============16(player1)==============]

   | 1 | 2 | 3 | 4 | 5 | 6 | 7 |
a->|   |   |   |den|   | M |   |
b->|   |   | t |   | w |   |   |
c->|   |   |   |   |   |   |   |
d->|   |   |   |   |   |   |   |
e->|   |   |   |   |   |   |   |
f->|   |   |   |   |   |   |   |
g->|   |   |   |   |   |   |   |
h->|   |   | W |   | T |   |   |
i->|   | m |   |DEN|   |   |   |

[======================================]

